Arguments: 
  /home/pedro/.nvm/versions/node/v18.16.1/bin/node /mnt/c/Program Files/nodejs/node_modules/yarn/bin/yarn.js add @babel/core @babel/preset-env @babel/clid -D

PATH: 
  /home/pedro/.vscode-server/bin/660393deaaa6d1996740ff4880f1bad43768c814/bin/remote-cli:/home/pedro/.nvm/versions/node/v18.16.1/bin:/usr/local/sbin:/usr/local/bin:/usr/sbin:/usr/bin:/sbin:/bin:/usr/games:/usr/local/games:/usr/lib/wsl/lib:/mnt/c/WINDOWS/system32:/mnt/c/WINDOWS:/mnt/c/WINDOWS/System32/Wbem:/mnt/c/WINDOWS/System32/WindowsPowerShell/v1.0/:/mnt/c/WINDOWS/System32/OpenSSH/:/mnt/c/Program Files/Git/cmd:/mnt/c/Users/apgb2/AppData/Roaming/nvm:/mnt/c/Program Files/nodejs:/mnt/c/Users/apgb2/AppData/Local/Microsoft/WindowsApps:/mnt/c/Users/apgb2/AppData/Local/Programs/Microsoft VS Code/bin:/mnt/c/Users/apgb2/AppData/Roaming/nvm:/mnt/c/Program Files/nodejs:/snap/bin

Yarn version: 
  1.22.19

Node version: 
  18.16.1

Platform: 
  linux x64

Trace: 
  Error: https://registry.yarnpkg.com/@babel%2fclid: Not found
      at params.callback [as _callback] (/mnt/c/Users/apgb2/AppData/Roaming/nvm/v18.16.1/node_modules/yarn/lib/cli.js:66145:18)
      at self.callback (/mnt/c/Users/apgb2/AppData/Roaming/nvm/v18.16.1/node_modules/yarn/lib/cli.js:140890:22)
      at Request.emit (node:events:513:28)
      at Request.<anonymous> (/mnt/c/Users/apgb2/AppData/Roaming/nvm/v18.16.1/node_modules/yarn/lib/cli.js:141862:10)
      at Request.emit (node:events:513:28)
      at IncomingMessage.<anonymous> (/mnt/c/Users/apgb2/AppData/Roaming/nvm/v18.16.1/node_modules/yarn/lib/cli.js:141784:12)
      at Object.onceWrapper (node:events:627:28)
      at IncomingMessage.emit (node:events:525:35)
      at endReadableNT (node:internal/streams/readable:1359:12)
      at process.processTicksAndRejections (node:internal/process/task_queues:82:21)

npm manifest: 
  {
    "name": "react-fundamentos",
    "version": "1.0.0",
    "main": "index.js",
    "license": "MIT"
  }

yarn manifest: 
  No manifest

Lockfile: 
  No lockfile
